mode: atomic
github.com/moratsam/etherscan/txgraph/store/memory/iterator.go:13.34,14.30 1 0
github.com/moratsam/etherscan/txgraph/store/memory/iterator.go:17.2,18.13 2 0
github.com/moratsam/etherscan/txgraph/store/memory/iterator.go:14.30,16.3 1 0
github.com/moratsam/etherscan/txgraph/store/memory/iterator.go:21.36,23.2 1 0
github.com/moratsam/etherscan/txgraph/store/memory/iterator.go:25.36,27.2 1 0
github.com/moratsam/etherscan/txgraph/store/memory/iterator.go:29.37,34.2 3 0
github.com/moratsam/etherscan/txgraph/store/memory/iterator.go:45.38,46.34 1 0
github.com/moratsam/etherscan/txgraph/store/memory/iterator.go:49.2,50.13 2 0
github.com/moratsam/etherscan/txgraph/store/memory/iterator.go:46.34,48.3 1 0
github.com/moratsam/etherscan/txgraph/store/memory/iterator.go:53.40,55.2 1 0
github.com/moratsam/etherscan/txgraph/store/memory/iterator.go:57.40,59.2 1 0
github.com/moratsam/etherscan/txgraph/store/memory/iterator.go:61.49,68.2 5 0
github.com/moratsam/etherscan/txgraph/store/memory/memory.go:31.40,37.2 1 1
github.com/moratsam/etherscan/txgraph/store/memory/memory.go:40.54,47.30 5 0
github.com/moratsam/etherscan/txgraph/store/memory/memory.go:52.2,52.49 1 0
github.com/moratsam/etherscan/txgraph/store/memory/memory.go:57.2,64.12 6 0
github.com/moratsam/etherscan/txgraph/store/memory/memory.go:47.30,49.3 1 0
github.com/moratsam/etherscan/txgraph/store/memory/memory.go:52.49,54.3 1 0
github.com/moratsam/etherscan/txgraph/store/memory/memory.go:68.66,74.60 3 3
github.com/moratsam/etherscan/txgraph/store/memory/memory.go:82.2,85.12 4 1
github.com/moratsam/etherscan/txgraph/store/memory/memory.go:74.60,75.43 1 2
github.com/moratsam/etherscan/txgraph/store/memory/memory.go:78.3,78.13 1 2
github.com/moratsam/etherscan/txgraph/store/memory/memory.go:75.43,77.4 1 1
github.com/moratsam/etherscan/txgraph/store/memory/memory.go:89.75,94.19 4 2
github.com/moratsam/etherscan/txgraph/store/memory/memory.go:98.2,100.19 3 2
github.com/moratsam/etherscan/txgraph/store/memory/memory.go:94.19,96.3 1 0
github.com/moratsam/etherscan/txgraph/store/memory/memory.go:104.77,109.45 4 0
github.com/moratsam/etherscan/txgraph/store/memory/memory.go:112.2,112.42 1 0
github.com/moratsam/etherscan/txgraph/store/memory/memory.go:109.45,111.3 1 0
github.com/moratsam/etherscan/txgraph/store/memory/memory.go:117.94,122.41 4 0
github.com/moratsam/etherscan/txgraph/store/memory/memory.go:127.2,127.50 1 0
github.com/moratsam/etherscan/txgraph/store/memory/memory.go:122.41,123.52 1 0
github.com/moratsam/etherscan/txgraph/store/memory/memory.go:123.52,125.4 1 0
